\BOOKMARK [0][-]{chapter.1}{\376\377\000\332\000v\000o\000d}{}
\BOOKMARK [0][-]{chapter.2}{\376\377\000J\000a\000z\000y\000k\000o\000v\000\351\000\040\000m\000o\000d\000e\000l\000y}{}
\BOOKMARK [1][-]{section.2.1}{\376\377\000P\000o\000h\000l\000e\000d\000\040\000z\000\040\000B\000a\000y\000e\000s\000o\000v\000y\000\040\000v\001\033\000t\000y}{chapter.2}
\BOOKMARK [1][-]{section.2.2}{\376\377\000N\000-\000g\000r\000a\000m\000o\000v\000\351\000\040\000m\000o\000d\000e\000l\000y}{chapter.2}
\BOOKMARK [1][-]{section.2.3}{\376\377\000G\000o\000o\000d\000-\000T\000u\000r\000i\000n\000g\000\040\000v\000y\000h\000l\000a\000z\000o\000v\000\341\000n\000\355}{chapter.2}
\BOOKMARK [1][-]{section.2.4}{\376\377\000K\000a\000t\000z\000\040\000b\000a\000c\000k\000-\000o\000f\000f\000\040\000n\000-\000g\000r\000a\000m\000o\000v\000\351\000\040\000m\000o\000d\000e\000l\000y}{chapter.2}
\BOOKMARK [1][-]{section.2.5}{\376\377\000K\000n\000e\000s\000e\000r\000-\000N\000e\000y\000\040\000v\000y\000h\000l\000a\000z\000o\000v\000\341\000n\000\355}{chapter.2}
\BOOKMARK [1][-]{section.2.6}{\376\377\000M\000o\000d\000e\000l\000y\000\040\000m\000a\000x\000i\000m\000\341\000l\000n\000\355\000\040\000e\000n\000t\000r\000o\000p\000i\000e}{chapter.2}
\BOOKMARK [1][-]{section.2.7}{\376\377\000V\000y\000h\000l\000a\000z\000o\000v\000\341\000n\000\355\000\040\000m\000o\000d\000e\000l\001\157\000\040\000m\000a\000x\000i\000m\000\341\000l\000n\000\355\000\040\000e\000n\000t\000r\000o\000p\000i\000e}{chapter.2}
\BOOKMARK [1][-]{section.2.8}{\376\377\000H\000o\000d\000n\000o\000c\000e\000n\000\355\000\040\000m\000o\000d\000e\000l\001\157}{chapter.2}
\BOOKMARK [2][-]{subsection.2.8.1}{\376\377\000K\001\131\000\355\001\176\000o\000v\000\341\000\040\000p\000e\000r\000p\000l\000e\000x\000i\000t\000a}{section.2.8}
\BOOKMARK [2][-]{subsection.2.8.2}{\376\377\000A\000d\000e\000k\000v\000\341\000t\000n\000o\000s\000t\000\040\000a\000\040\000p\000l\000y\000n\000u\000l\000o\000s\000t\000\040\000p\001\131\000e\000k\000l\000a\000d\000u}{section.2.8}
\BOOKMARK [1][-]{section.2.9}{\376\377\000A\000p\000l\000i\000k\000a\000c\000e\000\040\000j\000a\000z\000y\000k\000o\000v\000\375\000c\000h\000\040\000m\000o\000d\000e\000l\001\157}{chapter.2}
\BOOKMARK [0][-]{chapter.3}{\376\377\000P\000r\000o\000b\000l\000\351\000m\000y\000\040\000s\000\040\000n\001\033\000m\001\015\000i\000n\000o\000u}{}
\BOOKMARK [1][-]{section.3.1}{\376\377\000S\000k\000l\000o\001\110\000o\000v\000\341\000n\000\355\000\040\000j\000m\000e\000n}{chapter.3}
\BOOKMARK [1][-]{section.3.2}{\376\377\000P\000o\001\131\000\341\000d\000e\000k\000\040\000s\000l\000o\000v}{chapter.3}
\BOOKMARK [1][-]{section.3.3}{\376\377\000V\001\033\000t\000n\000\375\000\040\000r\000\341\000m\000e\000c}{chapter.3}
\BOOKMARK [1][-]{section.3.4}{\376\377\000P\000o\000z\000o\000r\000o\000v\000\341\000n\000\355\000\040\000n\000a\000\040\000v\001\033\000t\000\341\000c\000h}{chapter.3}
\BOOKMARK [2][-]{subsection.3.4.1}{\376\377\000P\001\131\000\355\000k\000l\000a\000d\000y\000\040\000k\000o\000n\000k\000r\000\351\000t\000n\000\355\000c\000h\000\040\000h\000y\000p\000o\000t\000\351\000z}{section.3.4}
\BOOKMARK [0][-]{chapter.4}{\376\377\000M\000o\000d\000e\000l\000y\000\040\000s\000\040\000m\000o\000r\000f\000o\000l\000o\000g\000i\000c\000k\000\375\000m\000i\000\040\000z\000n\000a\001\015\000k\000a\000m\000i}{}
\BOOKMARK [1][-]{section.4.1}{\376\377\000Z\000d\000r\000o\000j\000o\000v\000\341\000\040\000d\000a\000t\000a}{chapter.4}
\BOOKMARK [1][-]{section.4.2}{\376\377\000P\000r\000i\000n\000c\000i\000p\000\040\000e\000x\000p\000e\000r\000i\000m\000e\000n\000t\001\157}{chapter.4}
\BOOKMARK [1][-]{section.4.3}{\376\377\000Z\000p\001\157\000s\000o\000b\000\040\000v\000y\000h\000o\000d\000n\000o\000c\000e\000n\000\355}{chapter.4}
\BOOKMARK [1][-]{section.4.4}{\376\377\000B\001\033\001\176\000n\000\351\000\040\000m\000o\000d\000e\000l\000y\000\040\000s\000e\000\040\000s\000l\000o\000v\000y}{chapter.4}
\BOOKMARK [1][-]{section.4.5}{\376\377\000R\000o\000z\001\141\000\355\001\131\000e\000n\000\375\000\040\000s\000l\000o\000v\000n\000\355\000\040\000d\000r\000u\000h\000\040\000+\000\040\000m\000o\000r\000f\000o\000l\000o\000g\000i\000c\000k\000\351\000\040\000z\000n\000a\001\015\000k\000y}{chapter.4}
\BOOKMARK [1][-]{section.4.6}{\376\377\000R\000o\000z\001\141\000\355\001\131\000e\000n\000\375\000\040\000s\000l\000o\000v\000n\000\355\000\040\000d\000r\000u\000h}{chapter.4}
\BOOKMARK [1][-]{section.4.7}{\376\377\000R\000o\000d}{chapter.4}
\BOOKMARK [2][-]{subsection.4.7.1}{\376\377\000R\000o\000d\000\040\000s\000t\000e\000j\000n\000\375\000\040\000s\000\040\000p\001\131\000e\000d\000c\000h\000o\000z\000\355\000m}{section.4.7}
\BOOKMARK [2][-]{subsection.4.7.2}{\376\377\000S\000\040\000r\000o\000z\001\141\000\355\001\131\000e\000n\000\375\000m\000\040\000s\000l\000o\000v\000n\000\355\000m\000\040\000d\000r\000u\000h\000e\000m}{section.4.7}
\BOOKMARK [1][-]{section.4.8}{\376\377\001\014\000\355\000s\000l\000o}{chapter.4}
\BOOKMARK [2][-]{subsection.4.8.1}{\376\377\000P\001\131\000i\000d\000\341\000n\000\355\000\040\000o\000s\000o\000b\000y}{section.4.8}
\BOOKMARK [2][-]{subsection.4.8.2}{\376\377\000S\000\040\000r\000o\000z\001\141\000\355\001\131\000e\000n\000\375\000m\000\040\000s\000l\000o\000v\000n\000\355\000m\000\040\000d\000r\000u\000h\000e\000m}{section.4.8}
\BOOKMARK [1][-]{section.4.9}{\376\377\000P\000\341\000d}{chapter.4}
\BOOKMARK [2][-]{subsection.4.9.1}{\376\377\000S\000\040\000r\000o\000z\001\141\000\355\001\131\000e\000n\000\375\000m\000\040\000s\000l\000o\000v\000n\000\355\000m\000\040\000d\000r\000u\000h\000e\000m}{section.4.9}
\BOOKMARK [1][-]{section.4.10}{\376\377\000S\000h\000r\000n\000u\000t\000\355}{chapter.4}
\BOOKMARK [0][-]{chapter.5}{\376\377\000M\000o\000d\000e\000l\000y\000\040\000s\000\040\000v\000l\000a\000s\000t\000n\000\355\000\040\000m\000n\000o\001\176\000i\000n\000o\000u\000\040\000r\000y\000s\001\157}{}
\BOOKMARK [1][-]{section.5.1}{\376\377\000Z\000d\000r\000o\000j\000o\000v\000\341\000\040\000d\000a\000t\000a}{chapter.5}
\BOOKMARK [1][-]{section.5.2}{\376\377\000P\000r\000i\000n\000c\000i\000p\000\040\000e\000x\000p\000e\000r\000i\000m\000e\000n\000t\001\157}{chapter.5}
\BOOKMARK [1][-]{section.5.3}{\376\377\000Z\000p\001\157\000s\000o\000b\000\040\000v\000y\000h\000o\000d\000n\000o\000c\000e\000n\000\355}{chapter.5}
\BOOKMARK [1][-]{section.5.4}{\376\377\000V\000l\000a\000s\000t\000n\000\355\000\040\000r\000y\000s\000y}{chapter.5}
\BOOKMARK [1][-]{section.5.5}{\376\377\000J\000I\000N\000\311\000\040\000D\001\032\000L\000E\000N\000\315\000\040\000K\000A\000P\000I\000T\000O\000L\000:}{chapter.5}
\BOOKMARK [1][-]{section.5.6}{\376\377\000M\000o\000d\000e\000l\000y\000\040\000s\000e\000\040\000v\001\141\000e\000m\000i\000\040\000r\000y\000s\000y}{chapter.5}
\BOOKMARK [1][-]{section.5.7}{\376\377\000M\000o\000d\000e\000l\000y\000\040\000s\000e\000\040\000v\001\141\000e\000m\000i\000\040\000r\000y\000s\000y\000\040\000k\000r\000o\000m\001\033\000\040\000r\000y\000s\001\157\000\040\000s\000o\000u\001\015\000t\000o\000v\000\375\000c\000h}{chapter.5}
\BOOKMARK [2][-]{subsection.5.7.1}{\376\377\000B\000e\000z\000\040\000r\000y\000s\000u\000\040\000r\000o\000o\000t}{section.5.7}
\BOOKMARK [1][-]{section.5.8}{\376\377\000M\000o\000d\000e\000l\000y\000\040\000s\000e\000\040\000s\000o\000u\001\015\000t\000o\000v\000\375\000m\000i\000\040\000r\000y\000s\000y}{chapter.5}
\BOOKMARK [2][-]{subsection.5.8.1}{\376\377\000S\000\040\000r\000y\000s\000e\000m\000\040\000r\000o\000o\000t}{section.5.8}
\BOOKMARK [1][-]{section.5.9}{\376\377\000M\000o\000d\000e\000l\000y\000\040\000s\000\040\000r\000y\000s\000e\000m\000\040\000r\000o\000o\000t}{chapter.5}
\BOOKMARK [1][-]{section.5.10}{\376\377\000M\000o\000d\000e\000l\000y\000\040\000s\000\040\000r\000y\000s\000e\000m\000\040\000s\000u\000m}{chapter.5}
\BOOKMARK [2][-]{subsection.5.10.1}{\376\377\000S\000\040\000r\000y\000s\000e\000m\000\040\000r\000o\000o\000t}{section.5.10}
\BOOKMARK [1][-]{section.5.11}{\376\377\000N\000A\000M\000\315\000S\000T\000O\000\040\000P\001\156\000V\000O\000D\000N\000\315\000H\000O\000:}{chapter.5}
\BOOKMARK [1][-]{section.5.12}{\376\377\000P\000o\001\015\000e\000t\000\040\000k\000o\001\131\000e\000n\001\157\000\040\000v\000\040\000n\000a\000p\000a\000r\000s\000o\000v\000a\000n\000\351\000m\000\040\000s\000t\000r\000o\000m\000u}{chapter.5}
\BOOKMARK [1][-]{section.5.13}{\376\377\000C\000h\000y\000b\001\033\000j\000\355\000c\000\355\000\040\000i\000n\000f\000i\000n\000i\000t\000i\000v\000\040\000s\000\040\000z\000u}{chapter.5}
\BOOKMARK [1][-]{section.5.14}{\376\377\000C\000h\000y\000b\001\033\000j\000\355\000c\000\355\000\040\000p\000o\000d\000m\001\033\000t}{chapter.5}
\BOOKMARK [1][-]{section.5.15}{\376\377\000C\000h\000y\000b\001\033\000j\000\355\000c\000\355\000\040\000u\000r\001\015\000i\000t\000\351\000\040\000s\000l\000o\000v\000e\000s\000o}{chapter.5}
\BOOKMARK [1][-]{section.5.16}{\376\377\000I\000n\000f\000i\000n\000i\000t\000i\000v\000\040\000p\000o\000\040\000m\000o\000d\000\341\000l\000n\000\355\000m\000\040\000s\000l\000o\000v\000e\000s\000e\000\040\000n\000e\000n\000\355\000\040\000n\000a\000\040\000k\000o\000n\000c\000i\000\040\000v\001\033\000t\000y}{chapter.5}
\BOOKMARK [1][-]{section.5.17}{\376\377\000P\000o\000d\000m\001\033\000t\000\040\000s\000e\000\040\000n\000e\000s\000h\000o\000d\000u\000j\000e\000\040\000s\000\040\000p\001\131\000\355\000s\000u\000d\000k\000e\000m}{chapter.5}
\BOOKMARK [1][-]{section.5.18}{\376\377\000P\001\131\000\355\001\015\000e\000s\000t\000\355\000\040\000m\000i\000n\000u\000l\000\351\000\040\000b\000e\000z\000\040\000p\000o\000m\000o\000c\000n\000\351\000h\000o\000\040\000s\000l\000o\000v\000e\000s\000a}{chapter.5}
\BOOKMARK [1][-]{section.5.19}{\376\377\000P\001\131\000\355\001\015\000e\000s\000t\000\355\000\040\000m\000i\000n\000u\000l\000\351\000\040\000n\000e\000n\000\355\000\040\000n\000a\000\040\000k\000o\000n\000c\000i\000\040\000v\001\033\000t\000y}{chapter.5}
\BOOKMARK [1][-]{section.5.20}{\376\377\000J\000m\000\351\000n\000a\000\040\000a\000\040\000s\000l\000o\000v\000e\000s\000a\000\040\000v\000e\000\040\000v\000\355\000c\000e\000\040\000o\000s\000o\000b\000\341\000c\000h}{chapter.5}
\BOOKMARK [1][-]{section.5.21}{\376\377\000V\000\355\000c\000e\000\040\000u\000r\001\015\000i\000t\000\375\000c\000h\000\040\000s\000l\000o\000v\000e\000s\000\040\000v\000e\000\040\000v\001\033\000t\001\033}{chapter.5}
\BOOKMARK [1][-]{section.5.22}{\376\377\000U\000r\001\015\000i\000t\000\351\000\040\000s\000l\000o\000v\000e\000s\000o\000\040\000n\000e\000n\000\355\000\040\000v\000e\000\040\000v\000e\000d\000l\000e\000j\001\141\000\355\000\040\000v\001\033\000t\001\033\000\040\000n\000a\000\040\000k\000o\000n\000c\000i}{chapter.5}
\BOOKMARK [1][-]{section.5.23}{\376\377\000S\000o\000u\001\015\000t\000o\000v\000\351\000\040\000r\000y\000s\000y}{chapter.5}
\BOOKMARK [0][-]{chapter*.3}{\376\377\000S\000e\000z\000n\000a\000m\000\040\000p\000o\000u\001\176\000i\000t\000\351\000\040\000l\000i\000t\000e\000r\000a\000t\000u\000r\000y}{}
\BOOKMARK [0][-]{chapter*.4}{\376\377\000S\000e\000z\000n\000a\000m\000\040\000t\000a\000b\000u\000l\000e\000k}{}
\BOOKMARK [0][-]{chapter*.5}{\376\377\000S\000e\000z\000n\000a\000m\000\040\000p\000o\000u\001\176\000i\000t\000\375\000c\000h\000\040\000z\000k\000r\000a\000t\000e\000k}{}
\BOOKMARK [0][-]{chapter*.6}{\376\377\000P\001\131\000\355\000l\000o\000h\000y}{}
