This is pdfTeX, Version 3.1415926-1.40.10 (TeX Live 2009/Debian) (format=cslatex 2012.10.29)  18 MAY 2013 05:12
entering extended mode
 %&-line parsing enabled.
**prace.tex
(./prace.tex
LaTeX2e <2009/09/24>
Loading CZ hyphenation patterns: Pavel Sevecek, v3, 1995
Loading SK hyphenation patterns: Jana Chlebikova, 1992
(/usr/share/texmf-texlive/tex/latex/base/report.cls
Document Class: report 2007/10/19 v1.4h Standard LaTeX document class
(/usr/share/texmf-texlive/tex/latex/base/size12.clo
File: size12.clo 2007/10/19 v1.4h Standard LaTeX file (size option)
)
\c@part=\count79
\c@chapter=\count80
\c@section=\count81
\c@subsection=\count82
\c@subsubsection=\count83
\c@paragraph=\count84
\c@subparagraph=\count85
\c@figure=\count86
\c@table=\count87
\abovecaptionskip=\skip41
\belowcaptionskip=\skip42
\bibindent=\dimen102
)
(/usr/share/texmf-texlive/tex/csplain/base/czech.sty
Package: czech 2002/07/19 v2.4 CSTeX czech style
)
(/usr/share/texmf-texlive/tex/latex/base/inputenc.sty
Package: inputenc 2008/03/30 v1.1d Input encoding file
\inpenc@prehook=\toks16
\inpenc@posthook=\toks17

(/usr/share/texmf-texlive/tex/latex/base/utf8.def
File: utf8.def 2008/04/05 v1.1m UTF-8 support for inputenc
Now handling font encoding OML ...
... no UTF-8 mapping file for font encoding OML
Now handling font encoding T1 ...
... processing UTF-8 mapping file for font encoding T1

(/usr/share/texmf-texlive/tex/latex/base/t1enc.dfu
File: t1enc.dfu 2008/04/05 v1.1m UTF-8 support for inputenc
   defining Unicode char U+00A1 (decimal 161)
   defining Unicode char U+00A3 (decimal 163)
   defining Unicode char U+00AB (decimal 171)
   defining Unicode char U+00BB (decimal 187)
   defining Unicode char U+00BF (decimal 191)
   defining Unicode char U+00C0 (decimal 192)
   defining Unicode char U+00C1 (decimal 193)
   defining Unicode char U+00C2 (decimal 194)
   defining Unicode char U+00C3 (decimal 195)
   defining Unicode char U+00C4 (decimal 196)
   defining Unicode char U+00C5 (decimal 197)
   defining Unicode char U+00C6 (decimal 198)
   defining Unicode char U+00C7 (decimal 199)
   defining Unicode char U+00C8 (decimal 200)
   defining Unicode char U+00C9 (decimal 201)
   defining Unicode char U+00CA (decimal 202)
   defining Unicode char U+00CB (decimal 203)
   defining Unicode char U+00CC (decimal 204)
   defining Unicode char U+00CD (decimal 205)
   defining Unicode char U+00CE (decimal 206)
   defining Unicode char U+00CF (decimal 207)
   defining Unicode char U+00D0 (decimal 208)
   defining Unicode char U+00D1 (decimal 209)
   defining Unicode char U+00D2 (decimal 210)
   defining Unicode char U+00D3 (decimal 211)
   defining Unicode char U+00D4 (decimal 212)
   defining Unicode char U+00D5 (decimal 213)
   defining Unicode char U+00D6 (decimal 214)
   defining Unicode char U+00D8 (decimal 216)
   defining Unicode char U+00D9 (decimal 217)
   defining Unicode char U+00DA (decimal 218)
   defining Unicode char U+00DB (decimal 219)
   defining Unicode char U+00DC (decimal 220)
   defining Unicode char U+00DD (decimal 221)
   defining Unicode char U+00DE (decimal 222)
   defining Unicode char U+00DF (decimal 223)
   defining Unicode char U+00E0 (decimal 224)
   defining Unicode char U+00E1 (decimal 225)
   defining Unicode char U+00E2 (decimal 226)
   defining Unicode char U+00E3 (decimal 227)
   defining Unicode char U+00E4 (decimal 228)
   defining Unicode char U+00E5 (decimal 229)
   defining Unicode char U+00E6 (decimal 230)
   defining Unicode char U+00E7 (decimal 231)
   defining Unicode char U+00E8 (decimal 232)
   defining Unicode char U+00E9 (decimal 233)
   defining Unicode char U+00EA (decimal 234)
   defining Unicode char U+00EB (decimal 235)
   defining Unicode char U+00EC (decimal 236)
   defining Unicode char U+00ED (decimal 237)
   defining Unicode char U+00EE (decimal 238)
   defining Unicode char U+00EF (decimal 239)
   defining Unicode char U+00F0 (decimal 240)
   defining Unicode char U+00F1 (decimal 241)
   defining Unicode char U+00F2 (decimal 242)
   defining Unicode char U+00F3 (decimal 243)
   defining Unicode char U+00F4 (decimal 244)
   defining Unicode char U+00F5 (decimal 245)
   defining Unicode char U+00F6 (decimal 246)
   defining Unicode char U+00F8 (decimal 248)
   defining Unicode char U+00F9 (decimal 249)
   defining Unicode char U+00FA (decimal 250)
   defining Unicode char U+00FB (decimal 251)
   defining Unicode char U+00FC (decimal 252)
   defining Unicode char U+00FD (decimal 253)
   defining Unicode char U+00FE (decimal 254)
   defining Unicode char U+00FF (decimal 255)
   defining Unicode char U+0102 (decimal 258)
   defining Unicode char U+0103 (decimal 259)
   defining Unicode char U+0104 (decimal 260)
   defining Unicode char U+0105 (decimal 261)
   defining Unicode char U+0106 (decimal 262)
   defining Unicode char U+0107 (decimal 263)
   defining Unicode char U+010C (decimal 268)
   defining Unicode char U+010D (decimal 269)
   defining Unicode char U+010E (decimal 270)
   defining Unicode char U+010F (decimal 271)
   defining Unicode char U+0110 (decimal 272)
   defining Unicode char U+0111 (decimal 273)
   defining Unicode char U+0118 (decimal 280)
   defining Unicode char U+0119 (decimal 281)
   defining Unicode char U+011A (decimal 282)
   defining Unicode char U+011B (decimal 283)
   defining Unicode char U+011E (decimal 286)
   defining Unicode char U+011F (decimal 287)
   defining Unicode char U+0130 (decimal 304)
   defining Unicode char U+0131 (decimal 305)
   defining Unicode char U+0132 (decimal 306)
   defining Unicode char U+0133 (decimal 307)
   defining Unicode char U+0139 (decimal 313)
   defining Unicode char U+013A (decimal 314)
   defining Unicode char U+013D (decimal 317)
   defining Unicode char U+013E (decimal 318)
   defining Unicode char U+0141 (decimal 321)
   defining Unicode char U+0142 (decimal 322)
   defining Unicode char U+0143 (decimal 323)
   defining Unicode char U+0144 (decimal 324)
   defining Unicode char U+0147 (decimal 327)
   defining Unicode char U+0148 (decimal 328)
   defining Unicode char U+014A (decimal 330)
   defining Unicode char U+014B (decimal 331)
   defining Unicode char U+0150 (decimal 336)
   defining Unicode char U+0151 (decimal 337)
   defining Unicode char U+0152 (decimal 338)
   defining Unicode char U+0153 (decimal 339)
   defining Unicode char U+0154 (decimal 340)
   defining Unicode char U+0155 (decimal 341)
   defining Unicode char U+0158 (decimal 344)
   defining Unicode char U+0159 (decimal 345)
   defining Unicode char U+015A (decimal 346)
   defining Unicode char U+015B (decimal 347)
   defining Unicode char U+015E (decimal 350)
   defining Unicode char U+015F (decimal 351)
   defining Unicode char U+0160 (decimal 352)
   defining Unicode char U+0161 (decimal 353)
   defining Unicode char U+0162 (decimal 354)
   defining Unicode char U+0163 (decimal 355)
   defining Unicode char U+0164 (decimal 356)
   defining Unicode char U+0165 (decimal 357)
   defining Unicode char U+016E (decimal 366)
   defining Unicode char U+016F (decimal 367)
   defining Unicode char U+0170 (decimal 368)
   defining Unicode char U+0171 (decimal 369)
   defining Unicode char U+0178 (decimal 376)
   defining Unicode char U+0179 (decimal 377)
   defining Unicode char U+017A (decimal 378)
   defining Unicode char U+017B (decimal 379)
   defining Unicode char U+017C (decimal 380)
   defining Unicode char U+017D (decimal 381)
   defining Unicode char U+017E (decimal 382)
   defining Unicode char U+200C (decimal 8204)
   defining Unicode char U+2013 (decimal 8211)
   defining Unicode char U+2014 (decimal 8212)
   defining Unicode char U+2018 (decimal 8216)
   defining Unicode char U+2019 (decimal 8217)
   defining Unicode char U+201A (decimal 8218)
   defining Unicode char U+201C (decimal 8220)
   defining Unicode char U+201D (decimal 8221)
   defining Unicode char U+201E (decimal 8222)
   defining Unicode char U+2030 (decimal 8240)
   defining Unicode char U+2031 (decimal 8241)
   defining Unicode char U+2039 (decimal 8249)
   defining Unicode char U+203A (decimal 8250)
   defining Unicode char U+2423 (decimal 9251)
)
Now handling font encoding OT1 ...
... processing UTF-8 mapping file for font encoding OT1

(/usr/share/texmf-texlive/tex/latex/base/ot1enc.dfu
File: ot1enc.dfu 2008/04/05 v1.1m UTF-8 support for inputenc
   defining Unicode char U+00A1 (decimal 161)
   defining Unicode char U+00A3 (decimal 163)
   defining Unicode char U+00B8 (decimal 184)
   defining Unicode char U+00BF (decimal 191)
   defining Unicode char U+00C5 (decimal 197)
   defining Unicode char U+00C6 (decimal 198)
   defining Unicode char U+00D8 (decimal 216)
   defining Unicode char U+00DF (decimal 223)
   defining Unicode char U+00E6 (decimal 230)
   defining Unicode char U+00EC (decimal 236)
   defining Unicode char U+00ED (decimal 237)
   defining Unicode char U+00EE (decimal 238)
   defining Unicode char U+00EF (decimal 239)
   defining Unicode char U+00F8 (decimal 248)
   defining Unicode char U+0131 (decimal 305)
   defining Unicode char U+0141 (decimal 321)
   defining Unicode char U+0142 (decimal 322)
   defining Unicode char U+0152 (decimal 338)
   defining Unicode char U+0153 (decimal 339)
   defining Unicode char U+2013 (decimal 8211)
   defining Unicode char U+2014 (decimal 8212)
   defining Unicode char U+2018 (decimal 8216)
   defining Unicode char U+2019 (decimal 8217)
   defining Unicode char U+201C (decimal 8220)
   defining Unicode char U+201D (decimal 8221)
)
Now handling font encoding IL2 ...
... no UTF-8 mapping file for font encoding IL2
Now handling font encoding OMS ...
... processing UTF-8 mapping file for font encoding OMS

(/usr/share/texmf-texlive/tex/latex/base/omsenc.dfu
File: omsenc.dfu 2008/04/05 v1.1m UTF-8 support for inputenc
   defining Unicode char U+00A7 (decimal 167)
   defining Unicode char U+00B6 (decimal 182)
   defining Unicode char U+00B7 (decimal 183)
   defining Unicode char U+2020 (decimal 8224)
   defining Unicode char U+2021 (decimal 8225)
   defining Unicode char U+2022 (decimal 8226)
)
Now handling font encoding OMX ...
... no UTF-8 mapping file for font encoding OMX
Now handling font encoding U ...
... no UTF-8 mapping file for font encoding U
   defining Unicode char U+00A9 (decimal 169)
   defining Unicode char U+00AA (decimal 170)
   defining Unicode char U+00AE (decimal 174)
   defining Unicode char U+00BA (decimal 186)
   defining Unicode char U+02C6 (decimal 710)
   defining Unicode char U+02DC (decimal 732)
   defining Unicode char U+200C (decimal 8204)
   defining Unicode char U+2026 (decimal 8230)
   defining Unicode char U+2122 (decimal 8482)
   defining Unicode char U+2423 (decimal 9251)
))
(/usr/share/texmf-texlive/tex/latex/graphics/graphicx.sty
Package: graphicx 1999/02/16 v1.0f Enhanced LaTeX Graphics (DPC,SPQR)

(/usr/share/texmf-texlive/tex/latex/graphics/keyval.sty
Package: keyval 1999/03/16 v1.13 key=value parser (DPC)
\KV@toks@=\toks18
)
(/usr/share/texmf-texlive/tex/latex/graphics/graphics.sty
Package: graphics 2009/02/05 v1.0o Standard LaTeX Graphics (DPC,SPQR)

(/usr/share/texmf-texlive/tex/latex/graphics/trig.sty
Package: trig 1999/03/16 v1.09 sin cos tan (DPC)
)
(/etc/texmf/tex/latex/config/graphics.cfg
File: graphics.cfg 2009/08/28 v1.8 graphics configuration of TeX Live
)
Package graphics Info: Driver file: dvips.def on input line 91.

(/usr/share/texmf-texlive/tex/latex/graphics/dvips.def
File: dvips.def 1999/02/16 v3.0i Driver-dependant file (DPC,SPQR)
))
\Gin@req@height=\dimen103
\Gin@req@width=\dimen104
)
(/usr/share/texmf-texlive/tex/latex/amscls/amsthm.sty
Package: amsthm 2004/08/06 v2.20
\thm@style=\toks19
\thm@bodyfont=\toks20
\thm@headfont=\toks21
\thm@notefont=\toks22
\thm@headpunct=\toks23
\thm@preskip=\skip43
\thm@postskip=\skip44
\thm@headsep=\skip45
\dth@everypar=\toks24
)
(/usr/share/texmf-texlive/tex/latex/amsmath/amsmath.sty
Package: amsmath 2000/07/18 v2.13 AMS math features
\@mathmargin=\skip46

For additional information on amsmath, use the `?' option.
(/usr/share/texmf-texlive/tex/latex/amsmath/amstext.sty
Package: amstext 2000/06/29 v2.01

(/usr/share/texmf-texlive/tex/latex/amsmath/amsgen.sty
File: amsgen.sty 1999/11/30 v2.0
\@emptytoks=\toks25
\ex@=\dimen105
))
(/usr/share/texmf-texlive/tex/latex/amsmath/amsbsy.sty
Package: amsbsy 1999/11/29 v1.2d
\pmbraise@=\dimen106
)
(/usr/share/texmf-texlive/tex/latex/amsmath/amsopn.sty
Package: amsopn 1999/12/14 v2.01 operator names
)
\inf@bad=\count88
LaTeX Info: Redefining \frac on input line 211.
\uproot@=\count89
\leftroot@=\count90
LaTeX Info: Redefining \overline on input line 307.
\classnum@=\count91
\DOTSCASE@=\count92
LaTeX Info: Redefining \ldots on input line 379.
LaTeX Info: Redefining \dots on input line 382.
LaTeX Info: Redefining \cdots on input line 467.
\Mathstrutbox@=\box26
\strutbox@=\box27
\big@size=\dimen107
LaTeX Font Info:    Redeclaring font encoding OML on input line 567.
LaTeX Font Info:    Redeclaring font encoding OMS on input line 568.
\macc@depth=\count93
\c@MaxMatrixCols=\count94
\dotsspace@=\muskip10
\c@parentequation=\count95
\dspbrk@lvl=\count96
\tag@help=\toks26
\row@=\count97
\column@=\count98
\maxfields@=\count99
\andhelp@=\toks27
\eqnshift@=\dimen108
\alignsep@=\dimen109
\tagshift@=\dimen110
\tagwidth@=\dimen111
\totwidth@=\dimen112
\lineht@=\dimen113
\@envbody=\toks28
\multlinegap=\skip47
\multlinetaggap=\skip48
\mathdisplay@stack=\toks29
LaTeX Info: Redefining \[ on input line 2666.
LaTeX Info: Redefining \] on input line 2667.
)
(/usr/share/texmf-texlive/tex/latex/graphics/color.sty
Package: color 2005/11/14 v1.0j Standard LaTeX Color (DPC)

(/etc/texmf/tex/latex/config/color.cfg
File: color.cfg 2007/01/18 v1.5 color configuration of teTeX/TeXLive
)
Package color Info: Driver file: dvips.def on input line 130.

(/usr/share/texmf-texlive/tex/latex/graphics/dvipsnam.def
File: dvipsnam.def 1999/02/16 v3.0i Driver-dependant file (DPC,SPQR)
))
(/usr/share/texmf-texlive/tex/latex/colortbl/colortbl.sty
Package: colortbl 2001/02/13 v0.1j Color table columns (DPC)

(/usr/share/texmf-texlive/tex/latex/tools/array.sty
Package: array 2008/09/09 v2.4c Tabular extension package (FMi)
\col@sep=\dimen114
\extrarowheight=\dimen115
\NC@list=\toks30
\extratabsurround=\skip49
\backup@length=\skip50
)
\everycr=\toks31
\minrowclearance=\skip51
)
(/usr/share/texmf-texlive/tex/latex/footmisc/footmisc.sty
Package: footmisc 2009/09/15 v5.5a a miscellany of footnote facilities
\FN@temptoken=\toks32
\footnotemargin=\dimen116
\c@pp@next@reset=\count100
Package footmisc Info: Declaring symbol style bringhurst on input line 855.
Package footmisc Info: Declaring symbol style chicago on input line 863.
Package footmisc Info: Declaring symbol style wiley on input line 872.
Package footmisc Info: Declaring symbol style lamport-robust on input line 883.

Package footmisc Info: Declaring symbol style lamport* on input line 903.
Package footmisc Info: Declaring symbol style lamport*-robust on input line 924
.
)
(/usr/share/texmf-texlive/tex/latex/multirow/multirow.sty
\bigstrutjot=\dimen117
)
(/usr/share/texmf-texlive/tex/latex/float/float.sty
Package: float 2001/11/08 v1.3d Float enhancements (AL)
\c@float@type=\count101
\float@exts=\toks33
\float@box=\box28
\@float@everytoks=\toks34
\@floatcapt=\box29
)
(/usr/share/texmf-texlive/tex/latex/caption/caption.sty
Package: caption 2009/10/09 v3.1k Customizing captions (AR)

(/usr/share/texmf-texlive/tex/latex/caption/caption3.sty
Package: caption3 2009/10/09 v3.1k caption3 kernel (AR)
\captionmargin=\dimen118
\captionmargin@=\dimen119
\captionwidth=\dimen120
\caption@indent=\dimen121
\caption@parindent=\dimen122
\caption@hangindent=\dimen123
)
\c@ContinuedFloat=\count102
Package caption Info: float package is loaded.
)
(/usr/share/texmf/tex/latex/xcolor/xcolor.sty
Package: xcolor 2007/01/21 v2.11 LaTeX color extensions (UK)

(/etc/texmf/tex/latex/config/color.cfg
File: color.cfg 2007/01/18 v1.5 color configuration of teTeX/TeXLive
)
Package xcolor Info: Package option `usenames' ignored on input line 216.
Package xcolor Info: Driver file: dvips.def on input line 225.
LaTeX Info: Redefining \color on input line 702.
Package xcolor Info: Model `cmy' substituted by `cmy0' on input line 1337.
Package xcolor Info: Model `RGB' extended on input line 1353.
Package xcolor Info: Model `HTML' substituted by `rgb' on input line 1355.
Package xcolor Info: Model `Hsb' substituted by `hsb' on input line 1356.
Package xcolor Info: Model `tHsb' substituted by `hsb' on input line 1357.
Package xcolor Info: Model `HSB' substituted by `hsb' on input line 1358.
Package xcolor Info: Model `Gray' substituted by `gray' on input line 1359.
Package xcolor Info: Model `wave' substituted by `hsb' on input line 1360.

(/usr/share/texmf-texlive/tex/latex/graphics/dvipsnam.def
File: dvipsnam.def 1999/02/16 v3.0i Driver-dependant file (DPC,SPQR)
))
(/usr/share/texmf-texlive/tex/latex/tools/indentfirst.sty
Package: indentfirst 1995/11/23 v1.03 Indent first paragraph (DPC)
)
(/usr/share/texmf-texlive/tex/latex/hyperref/hyperref.sty
Package: hyperref 2009/10/09 v6.79a Hypertext links for LaTeX

(/usr/share/texmf-texlive/tex/generic/oberdiek/ifpdf.sty
Package: ifpdf 2009/04/10 v2.0 Provides the ifpdf switch (HO)
Package ifpdf Info: pdfTeX in pdf mode not detected.
)
(/usr/share/texmf-texlive/tex/generic/oberdiek/ifvtex.sty
Package: ifvtex 2008/11/04 v1.4 Switches for detecting VTeX and its modes (HO)
Package ifvtex Info: VTeX not detected.
)
(/usr/share/texmf-texlive/tex/generic/ifxetex/ifxetex.sty
Package: ifxetex 2009/01/23 v0.5 Provides ifxetex conditional
)
(/usr/share/texmf-texlive/tex/latex/oberdiek/hycolor.sty
Package: hycolor 2009/10/02 v1.5 Code for color options of hyperref/bookmark (H
O)

(/usr/share/texmf-texlive/tex/latex/oberdiek/xcolor-patch.sty
Package: xcolor-patch 2009/10/02 xcolor patch
))
\@linkdim=\dimen124
\Hy@linkcounter=\count103
\Hy@pagecounter=\count104

(/usr/share/texmf-texlive/tex/latex/hyperref/pd1enc.def
File: pd1enc.def 2009/10/09 v6.79a Hyperref: PDFDocEncoding definition (HO)
Now handling font encoding PD1 ...
... no UTF-8 mapping file for font encoding PD1
)
(/usr/share/texmf-texlive/tex/generic/oberdiek/etexcmds.sty
Package: etexcmds 2007/12/12 v1.2 Prefix for e-TeX command names (HO)

(/usr/share/texmf-texlive/tex/generic/oberdiek/infwarerr.sty
Package: infwarerr 2007/09/09 v1.2 Providing info/warning/message (HO)
)
Package etexcmds Info: Could not find \expanded.
(etexcmds)             That can mean that you are not using pdfTeX 1.50 or
(etexcmds)             that some package has redefined \expanded.
(etexcmds)             In the latter case, load this package earlier.
)
(/usr/share/texmf-texlive/tex/latex/latexconfig/hyperref.cfg
File: hyperref.cfg 2002/06/06 v1.2 hyperref configuration of TeXLive
)
(/usr/share/texmf-texlive/tex/latex/oberdiek/kvoptions.sty
Package: kvoptions 2009/08/13 v3.4 Keyval support for LaTeX options (HO)

(/usr/share/texmf-texlive/tex/generic/oberdiek/kvsetkeys.sty
Package: kvsetkeys 2009/07/30 v1.5 Key value parser with default handler suppor
t (HO)
))
Package hyperref Info: Option `unicode' set `true' on input line 2864.

(/usr/share/texmf-texlive/tex/latex/hyperref/puenc.def
File: puenc.def 2009/10/09 v6.79a Hyperref: PDF Unicode definition (HO)
Now handling font encoding PU ...
... no UTF-8 mapping file for font encoding PU
)
Package hyperref Info: Hyper figures OFF on input line 2975.
Package hyperref Info: Link nesting OFF on input line 2980.
Package hyperref Info: Hyper index ON on input line 2983.
Package hyperref Info: Plain pages OFF on input line 2990.
Package hyperref Info: Backreferencing OFF on input line 2995.

Implicit mode ON; LaTeX internals redefined
Package hyperref Info: Bookmarks ON on input line 3191.
(/usr/share/texmf-texlive/tex/latex/ltxmisc/url.sty
\Urlmuskip=\muskip11
Package: url 2006/04/12  ver 3.3  Verb mode for urls, etc.
)
LaTeX Info: Redefining \url on input line 3428.

(/usr/share/texmf-texlive/tex/generic/oberdiek/bitset.sty
Package: bitset 2007/09/28 v1.0 Data type bit set (HO)

(/usr/share/texmf-texlive/tex/generic/oberdiek/intcalc.sty
Package: intcalc 2007/09/27 v1.1 Expandable integer calculations (HO)
)
(/usr/share/texmf-texlive/tex/generic/oberdiek/bigintcalc.sty
Package: bigintcalc 2007/11/11 v1.1 Expandable big integer calculations (HO)

(/usr/share/texmf-texlive/tex/generic/oberdiek/pdftexcmds.sty
Package: pdftexcmds 2009/09/23 v0.6 LuaTeX support for pdfTeX utility functions
 (HO)

(/usr/share/texmf-texlive/tex/generic/oberdiek/ifluatex.sty
Package: ifluatex 2009/04/17 v1.2 Provides the ifluatex switch (HO)
Package ifluatex Info: LuaTeX not detected.
)
(/usr/share/texmf-texlive/tex/generic/oberdiek/ltxcmds.sty
Package: ltxcmds 2009/08/05 v1.0 Some LaTeX kernel commands for general use (HO
)
)
Package pdftexcmds Info: LuaTeX not detected.
Package pdftexcmds Info: \pdf@primitive is available.
Package pdftexcmds Info: \pdf@ifprimitive is available.
)))
\Fld@menulength=\count105
\Field@Width=\dimen125
\Fld@charsize=\dimen126
\Field@toks=\toks35
Package hyperref Info: Hyper figures OFF on input line 4377.
Package hyperref Info: Link nesting OFF on input line 4382.
Package hyperref Info: Hyper index ON on input line 4385.
Package hyperref Info: backreferencing OFF on input line 4392.
Package hyperref Info: Link coloring OFF on input line 4397.
Package hyperref Info: Link coloring with OCG OFF on input line 4402.
Package hyperref Info: PDF/A mode OFF on input line 4407.

(/usr/share/texmf-texlive/tex/generic/oberdiek/atbegshi.sty
Package: atbegshi 2008/07/31 v1.9 At begin shipout hook (HO)
)
\Hy@abspage=\count106
\c@Item=\count107
\c@Hfootnote=\count108
)
*hyperref using driver hdvips*
(/usr/share/texmf-texlive/tex/latex/hyperref/hdvips.def
File: hdvips.def 2009/10/09 v6.79a Hyperref driver for dvips

(/usr/share/texmf-texlive/tex/latex/hyperref/pdfmark.def
File: pdfmark.def 2009/10/09 v6.79a Hyperref definitions for pdfmark specials
\pdf@docset=\toks36
\pdf@box=\box30
\pdf@toks=\toks37
\pdf@defaulttoks=\toks38
\Fld@listcount=\count109
)) (./prace.aux
(./zaver.aux) (./literatura.aux))
\openout1 = `prace.aux'.

LaTeX Font Info:    Checking defaults for OML/cmm/m/it on input line 99.
LaTeX Font Info:    ... okay on input line 99.
LaTeX Font Info:    Checking defaults for T1/cmr/m/n on input line 99.
LaTeX Font Info:    ... okay on input line 99.
LaTeX Font Info:    Checking defaults for OT1/cmr/m/n on input line 99.
LaTeX Font Info:    ... okay on input line 99.
LaTeX Font Info:    Checking defaults for IL2/cmr/m/n on input line 99.
LaTeX Font Info:    ... okay on input line 99.
LaTeX Font Info:    Checking defaults for OMS/cmsy/m/n on input line 99.
LaTeX Font Info:    ... okay on input line 99.
LaTeX Font Info:    Checking defaults for OMX/cmex/m/n on input line 99.
LaTeX Font Info:    ... okay on input line 99.
LaTeX Font Info:    Checking defaults for U/cmr/m/n on input line 99.
LaTeX Font Info:    ... okay on input line 99.
LaTeX Font Info:    Checking defaults for PD1/pdf/m/n on input line 99.
LaTeX Font Info:    ... okay on input line 99.
LaTeX Font Info:    Checking defaults for PU/pdf/m/n on input line 99.
LaTeX Font Info:    ... okay on input line 99.
Package caption Info: Begin \AtBeginDocument code.
Package caption Info: hyperref package is loaded.
Package caption Info: End \AtBeginDocument code.
Package hyperref Info: Link coloring OFF on input line 99.

(/usr/share/texmf-texlive/tex/latex/hyperref/nameref.sty
Package: nameref 2007/05/29 v2.31 Cross-referencing by name of section

(/usr/share/texmf-texlive/tex/latex/oberdiek/refcount.sty
Package: refcount 2008/08/11 v3.1 Data extraction from references (HO)
)
\c@section@level=\count110
)
LaTeX Info: Redefining \ref on input line 99.
LaTeX Info: Redefining \pageref on input line 99.
 (./prace.out)
(./prace.out)
\@outlinefile=\write3
\openout3 = `prace.out'.

\AtBeginShipoutBox=\box31
File: ./img/logo.eps Graphic file (type eps)
 <./img/logo.eps> [1

] [2

]
LaTeX Font Info:    Try loading font information for OMS+cmr on input line 190.


(/usr/share/texmf-texlive/tex/latex/base/omscmr.fd
File: omscmr.fd 1999/05/25 v2.5h Standard LaTeX font definitions
)
LaTeX Font Info:    Font shape `OMS/cmr/m/n' in size <12> not available
(Font)              Font shape `OMS/cmsy/m/n' tried instead on input line 190.
 [3] [4] (./prace.toc
[5


])
\tf@toc=\write4
\openout4 = `prace.toc'.

 [6]
Kapitola 1.
[7

]
Kapitola 2.

Overfull \hbox (2.4106pt too wide) in paragraph at lines 294--295
[]\IL2/cmr/m/n/12 Zajímá nás, ja-ká je prav-dì-po-dob-nost výsky-tu ta-ko-vé po
-sloup-nos-ti slov $\OML/cmm/m/it/12 w[]; [] ; w[]$\IL2/cmr/m/n/12 .
 []

[8

] [9]
Overfull \hbox (2.09047pt too wide) in paragraph at lines 372--373
[]\IL2/cmr/m/n/12 Good-Turing vy-hla-zo-vá-ní po-dá-vá dob-ré vý-sled-ky pro má
-lo frek-ven-to-va-né n-gramy,
 []

[10]
Overfull \hbox (24.6314pt too wide) detected at line 400
[]\OML/cmm/m/it/12 P[]\IL2/cmr/m/n/12 (\OML/cmm/m/it/12 w[]\OMS/cmsy/m/n/12 j\O
ML/cmm/m/it/12 w[]; [] ; w[]\IL2/cmr/m/n/12 ) = []
 []

[11]
LaTeX Font Info:    Try loading font information for IL2+cmtt on input line 423
.
 (/usr/share/texmf-texlive/tex/latex/cslatex/il2cmtt.fd
File: il2cmtt.fd 1997/08/20 CSLaTeX font definitions
) [12] [13] [14]
LaTeX Font Info:    Font shape `OT1/pzc/m/it' will be
(Font)              scaled to size 13.20007pt on input line 514.
LaTeX Font Info:    Font shape `OT1/pzc/m/it' will be
(Font)              scaled to size 8.80005pt on input line 514.
LaTeX Font Info:    Font shape `OT1/pzc/m/it' will be
(Font)              scaled to size 6.60004pt on input line 514.

[15] [16]
Kapitola 3.
[17

] [18] [19] [20]
Kapitola 4.
LaTeX Font Info:    Font shape `OT1/pzc/m/it' will be
(Font)              scaled to size 11.00006pt on input line 697.
LaTeX Font Info:    Font shape `OT1/pzc/m/it' will be
(Font)              scaled to size 7.70004pt on input line 697.
LaTeX Font Info:    Font shape `OT1/pzc/m/it' will be
(Font)              scaled to size 5.50003pt on input line 697.
[21

]
Underfull \hbox (badness 1590) in paragraph at lines 751--751
[][][][][][]\IL2/cmr/m/n/10 The Zu-rich De-pen-den-cy Par-ser for Ger-man, for-
mál-nì-ji zná-mý ta-ké pod ná-zvem
 []


Overfull \hbox (27.43613pt too wide) in paragraph at lines 751--752
\IL2/cmr/m/n/12 (ZDROJ). Pro Mor-phis-to po-u-¾i-je-me pøed-kom-pi-lo-va-ný mo-
del \IL2/cmtt/m/n/12 morphisto-02022011.a[]\IL2/cmr/m/n/12 .
 []

LaTeX Font Info:    Try loading font information for OMS+cmtt on input line 769
.
(/usr/share/texmf/tex/latex/R/tex/latex/omscmtt.fd
File: omscmtt.fd 
)
LaTeX Font Info:    Font shape `OMS/cmtt/m/n' in size <12> not available
(Font)              Font shape `OMS/cmsy/m/n' tried instead on input line 769.
 [22]
File: ./grafy/morf/ngram/text.svg.eps Graphic file (type eps)

<./grafy/morf/ngram/text.svg.eps>
File: ./grafy/morf/maxent/text.svg.eps Graphic file (type eps)
 <./grafy/morf/maxent/text.svg.eps> [23]
File: ./grafy/morf/porovnani/text.svg.eps Graphic file (type eps)

<./grafy/morf/porovnani/text.svg.eps> [24]

Package xcolor Warning: Incompatible color definition on input line 819.


Package xcolor Warning: Incompatible color definition on input line 819.


Package xcolor Warning: Incompatible color definition on input line 819.


Overfull \hbox (7.03166pt too wide) in paragraph at lines 819--820
 [] 
 []

File: ./grafy/morf/ngram/all.svg.eps Graphic file (type eps)
<./grafy/morf/ngram/all.svg.eps>
File: ./grafy/morf/maxent/all.svg.eps Graphic file (type eps)
 <./grafy/morf/maxent/all.svg.eps>
File: ./grafy/morf/porovnani/all.svg.eps Graphic file (type eps)

<./grafy/morf/porovnani/all.svg.eps> [25]

Package xcolor Warning: Incompatible color definition on input line 854.


Package xcolor Warning: Incompatible color definition on input line 854.


Package xcolor Warning: Incompatible color definition on input line 854.

File: ./grafy/morf/ngram/rsd.svg.eps Graphic file (type eps)
<./grafy/morf/ngram/rsd.svg.eps>
File: ./grafy/morf/maxent/rsd.svg.eps Graphic file (type eps)
 <./grafy/morf/maxent/rsd.svg.eps>
File: ./grafy/morf/porovnani/rsd.svg.eps Graphic file (type eps)

<./grafy/morf/porovnani/rsd.svg.eps> [26]

Package xcolor Warning: Incompatible color definition on input line 886.


Package xcolor Warning: Incompatible color definition on input line 886.

File: ./grafy/morf/ngram/rod.svg.eps Graphic file (type eps)
<./grafy/morf/ngram/rod.svg.eps>
File: ./grafy/morf/maxent/rod.svg.eps Graphic file (type eps)
 <./grafy/morf/maxent/rod.svg.eps> [27]
File: ./grafy/morf/porovnani/rod.svg.eps Graphic file (type eps)

<./grafy/morf/porovnani/rod.svg.eps>

Package xcolor Warning: Incompatible color definition on input line 916.


Package xcolor Warning: Incompatible color definition on input line 916.

[28]
File: ./grafy/morf/ngram/rodstejny.eps Graphic file (type eps)
 <./grafy/morf/ngram/rodstejny.eps>
File: ./grafy/morf/maxent/rodstejny.eps Graphic file (type eps)
 <./grafy/morf/maxent/rodstejny.eps>
File: ./grafy/morf/porovnani/rodstejny.eps Graphic file (type eps)

<./grafy/morf/porovnani/rodstejny.eps>

Package xcolor Warning: Incompatible color definition on input line 944.


Package xcolor Warning: Incompatible color definition on input line 944.

[29]
File: ./grafy/morf/ngram/rsd+rod.svg.eps Graphic file (type eps)
 <./grafy/morf/ngram/rsd+rod.svg.eps>
File: ./grafy/morf/maxent/rsd+rod.svg.eps Graphic file (type eps)

<./grafy/morf/maxent/rsd+rod.svg.eps>
File: ./grafy/morf/porovnani/rsd+rod.svg.eps Graphic file (type eps)
 <./grafy/morf/porovnani/rsd+rod.svg.eps>

Package xcolor Warning: Incompatible color definition on input line 972.


Package xcolor Warning: Incompatible color definition on input line 972.

[30]
File: ./grafy/morf/ngram/cislo.svg.eps Graphic file (type eps)
 <./grafy/morf/ngram/cislo.svg.eps>
File: ./grafy/morf/maxent/cislo.svg.eps Graphic file (type eps)
 <./grafy/morf/maxent/cislo.svg.eps>
File: ./grafy/morf/porovnani/cislo.svg.eps Graphic file (type eps)

<./grafy/morf/porovnani/cislo.svg.eps>

Package xcolor Warning: Incompatible color definition on input line 1001.


Package xcolor Warning: Incompatible color definition on input line 1001.

[31]
File: ./grafy/morf/ngram/osoba+cislo.svg.eps Graphic file (type eps)
 <./grafy/morf/ngram/osoba+cislo.svg.eps>
File: ./grafy/morf/maxent/osoba+cislo.svg.eps Graphic file (type eps)

<./grafy/morf/maxent/osoba+cislo.svg.eps>
File: ./grafy/morf/porovnani/osoba+cislo.svg.eps Graphic file (type eps)

<./grafy/morf/porovnani/osoba+cislo.svg.eps>

Package xcolor Warning: Incompatible color definition on input line 1029.


Package xcolor Warning: Incompatible color definition on input line 1029.

File: ./grafy/morf/ngram/rsd+cislo.svg.eps Graphic file (type eps)
<./grafy/morf/ngram/rsd+cislo.svg.eps>
File: ./grafy/morf/maxent/rsd+cislo.svg.eps Graphic file (type eps)
 <./grafy/morf/maxent/rsd+cislo.svg.eps>
[32]
File: ./grafy/morf/porovnani/rsd+cislo.svg.eps Graphic file (type eps)
 <./grafy/morf/porovnani/rsd+cislo.svg.eps>

Package xcolor Warning: Incompatible color definition on input line 1057.


Package xcolor Warning: Incompatible color definition on input line 1057.

File: ./grafy/morf/ngram/pad.svg.eps Graphic file (type eps)
<./grafy/morf/ngram/pad.svg.eps>
File: ./grafy/morf/maxent/pad.svg.eps Graphic file (type eps)
 <./grafy/morf/maxent/pad.svg.eps> [33]
File: ./grafy/morf/porovnani/pad.svg.eps Graphic file (type eps)

<./grafy/morf/porovnani/pad.svg.eps>
File: ./grafy/morf/ngram/rsd+pad.svg.eps Graphic file (type eps)
 <./grafy/morf/ngram/rsd+pad.svg.eps>
File: ./grafy/morf/maxent/rsd+pad.svg.eps Graphic file (type eps)

<./grafy/morf/maxent/rsd+pad.svg.eps> [34]
File: ./grafy/morf/porovnani/rsd+pad.eps Graphic file (type eps)

<./grafy/morf/porovnani/rsd+pad.eps>
LaTeX Font Info:    Font shape `OT1/pzc/m/it' will be
(Font)              scaled to size 12.04506pt on input line 1092.


Package xcolor Warning: Incompatible color definition on input line 1093.


Package xcolor Warning: Incompatible color definition on input line 1094.


Package xcolor Warning: Incompatible color definition on input line 1094.


Package xcolor Warning: Incompatible color definition on input line 1094.


Package xcolor Warning: Incompatible color definition on input line 1094.


Package xcolor Warning: Incompatible color definition on input line 1094.


Package xcolor Warning: Incompatible color definition on input line 1095.


Package xcolor Warning: Incompatible color definition on input line 1096.


Package xcolor Warning: Incompatible color definition on input line 1096.


Package xcolor Warning: Incompatible color definition on input line 1096.


Package xcolor Warning: Incompatible color definition on input line 1096.


Package xcolor Warning: Incompatible color definition on input line 1096.


Package xcolor Warning: Incompatible color definition on input line 1096.


Package xcolor Warning: Incompatible color definition on input line 1096.


Package xcolor Warning: Incompatible color definition on input line 1097.


Package xcolor Warning: Incompatible color definition on input line 1097.


Package xcolor Warning: Incompatible color definition on input line 1098.


Package xcolor Warning: Incompatible color definition on input line 1098.


Package xcolor Warning: Incompatible color definition on input line 1098.


Package xcolor Warning: Incompatible color definition on input line 1098.


Package xcolor Warning: Incompatible color definition on input line 1098.


Package xcolor Warning: Incompatible color definition on input line 1098.


Package xcolor Warning: Incompatible color definition on input line 1098.


Package xcolor Warning: Incompatible color definition on input line 1099.


Package xcolor Warning: Incompatible color definition on input line 1099.


Package xcolor Warning: Incompatible color definition on input line 1100.


Package xcolor Warning: Incompatible color definition on input line 1100.


Package xcolor Warning: Incompatible color definition on input line 1100.


Package xcolor Warning: Incompatible color definition on input line 1100.


Package xcolor Warning: Incompatible color definition on input line 1100.


Package xcolor Warning: Incompatible color definition on input line 1100.


Package xcolor Warning: Incompatible color definition on input line 1100.


Package xcolor Warning: Incompatible color definition on input line 1101.


Package xcolor Warning: Incompatible color definition on input line 1101.


Package xcolor Warning: Incompatible color definition on input line 1102.


Package xcolor Warning: Incompatible color definition on input line 1102.


Package xcolor Warning: Incompatible color definition on input line 1102.


Package xcolor Warning: Incompatible color definition on input line 1102.


Package xcolor Warning: Incompatible color definition on input line 1102.


Package xcolor Warning: Incompatible color definition on input line 1102.


Package xcolor Warning: Incompatible color definition on input line 1102.


Package xcolor Warning: Incompatible color definition on input line 1103.


Package xcolor Warning: Incompatible color definition on input line 1103.


Package xcolor Warning: Incompatible color definition on input line 1104.


Package xcolor Warning: Incompatible color definition on input line 1104.


Package xcolor Warning: Incompatible color definition on input line 1104.


Package xcolor Warning: Incompatible color definition on input line 1104.


Package xcolor Warning: Incompatible color definition on input line 1104.


Package xcolor Warning: Incompatible color definition on input line 1104.


Package xcolor Warning: Incompatible color definition on input line 1104.


Package xcolor Warning: Incompatible color definition on input line 1105.


Package xcolor Warning: Incompatible color definition on input line 1105.


Package xcolor Warning: Incompatible color definition on input line 1106.


Package xcolor Warning: Incompatible color definition on input line 1106.


Package xcolor Warning: Incompatible color definition on input line 1106.


Package xcolor Warning: Incompatible color definition on input line 1106.


Package xcolor Warning: Incompatible color definition on input line 1106.


Package xcolor Warning: Incompatible color definition on input line 1106.


Package xcolor Warning: Incompatible color definition on input line 1106.


Package xcolor Warning: Incompatible color definition on input line 1107.


Package xcolor Warning: Incompatible color definition on input line 1107.


Package xcolor Warning: Incompatible color definition on input line 1108.


Package xcolor Warning: Incompatible color definition on input line 1108.


Package xcolor Warning: Incompatible color definition on input line 1108.


Package xcolor Warning: Incompatible color definition on input line 1108.


Package xcolor Warning: Incompatible color definition on input line 1108.


Package xcolor Warning: Incompatible color definition on input line 1108.


Package xcolor Warning: Incompatible color definition on input line 1108.


Package xcolor Warning: Incompatible color definition on input line 1109.


Package xcolor Warning: Incompatible color definition on input line 1109.


Package xcolor Warning: Incompatible color definition on input line 1110.


Package xcolor Warning: Incompatible color definition on input line 1110.


Package xcolor Warning: Incompatible color definition on input line 1110.


Package xcolor Warning: Incompatible color definition on input line 1110.


Package xcolor Warning: Incompatible color definition on input line 1110.


Package xcolor Warning: Incompatible color definition on input line 1110.


Package xcolor Warning: Incompatible color definition on input line 1110.


Package xcolor Warning: Incompatible color definition on input line 1111.


Package xcolor Warning: Incompatible color definition on input line 1111.


Package xcolor Warning: Incompatible color definition on input line 1112.


Package xcolor Warning: Incompatible color definition on input line 1112.


Package xcolor Warning: Incompatible color definition on input line 1112.


Package xcolor Warning: Incompatible color definition on input line 1112.


Package xcolor Warning: Incompatible color definition on input line 1112.


Package xcolor Warning: Incompatible color definition on input line 1112.


Package xcolor Warning: Incompatible color definition on input line 1112.


Package xcolor Warning: Incompatible color definition on input line 1113.


Package xcolor Warning: Incompatible color definition on input line 1113.


Package xcolor Warning: Incompatible color definition on input line 1114.


Package xcolor Warning: Incompatible color definition on input line 1114.


Package xcolor Warning: Incompatible color definition on input line 1114.


Package xcolor Warning: Incompatible color definition on input line 1114.


Package xcolor Warning: Incompatible color definition on input line 1114.


Package xcolor Warning: Incompatible color definition on input line 1114.


Package xcolor Warning: Incompatible color definition on input line 1114.


Package xcolor Warning: Incompatible color definition on input line 1115.


Package xcolor Warning: Incompatible color definition on input line 1115.


Package xcolor Warning: Incompatible color definition on input line 1116.


Package xcolor Warning: Incompatible color definition on input line 1116.


Package xcolor Warning: Incompatible color definition on input line 1116.


Package xcolor Warning: Incompatible color definition on input line 1116.


Package xcolor Warning: Incompatible color definition on input line 1116.


Package xcolor Warning: Incompatible color definition on input line 1116.


Package xcolor Warning: Incompatible color definition on input line 1116.


Package xcolor Warning: Incompatible color definition on input line 1117.


Package xcolor Warning: Incompatible color definition on input line 1117.


Package xcolor Warning: Incompatible color definition on input line 1118.


Package xcolor Warning: Incompatible color definition on input line 1118.


Package xcolor Warning: Incompatible color definition on input line 1118.


Package xcolor Warning: Incompatible color definition on input line 1118.


Package xcolor Warning: Incompatible color definition on input line 1118.


Package xcolor Warning: Incompatible color definition on input line 1118.


Package xcolor Warning: Incompatible color definition on input line 1118.


Package xcolor Warning: Incompatible color definition on input line 1119.


Package xcolor Warning: Incompatible color definition on input line 1119.

[35] [36]
Kapitola 5.

Package xcolor Warning: Incompatible color definition on input line 1136.


Package xcolor Warning: Incompatible color definition on input line 1137.


Package xcolor Warning: Incompatible color definition on input line 1137.


Package xcolor Warning: Incompatible color definition on input line 1137.


Package xcolor Warning: Incompatible color definition on input line 1137.


Package xcolor Warning: Incompatible color definition on input line 1138.


Package xcolor Warning: Incompatible color definition on input line 1138.


Package xcolor Warning: Incompatible color definition on input line 1139.


Package xcolor Warning: Incompatible color definition on input line 1139.


Package xcolor Warning: Incompatible color definition on input line 1139.


Package xcolor Warning: Incompatible color definition on input line 1139.


Package xcolor Warning: Incompatible color definition on input line 1140.


Package xcolor Warning: Incompatible color definition on input line 1140.


Package xcolor Warning: Incompatible color definition on input line 1141.


Package xcolor Warning: Incompatible color definition on input line 1141.


Package xcolor Warning: Incompatible color definition on input line 1141.


Package xcolor Warning: Incompatible color definition on input line 1141.


Package xcolor Warning: Incompatible color definition on input line 1142.


Package xcolor Warning: Incompatible color definition on input line 1142.


Package xcolor Warning: Incompatible color definition on input line 1143.


Package xcolor Warning: Incompatible color definition on input line 1143.


Package xcolor Warning: Incompatible color definition on input line 1143.


Package xcolor Warning: Incompatible color definition on input line 1143.


Package xcolor Warning: Incompatible color definition on input line 1144.


Package xcolor Warning: Incompatible color definition on input line 1144.


Package xcolor Warning: Incompatible color definition on input line 1145.


Package xcolor Warning: Incompatible color definition on input line 1145.


Package xcolor Warning: Incompatible color definition on input line 1145.


Package xcolor Warning: Incompatible color definition on input line 1145.


Package xcolor Warning: Incompatible color definition on input line 1146.


Package xcolor Warning: Incompatible color definition on input line 1146.


Package xcolor Warning: Incompatible color definition on input line 1147.


Package xcolor Warning: Incompatible color definition on input line 1147.


Package xcolor Warning: Incompatible color definition on input line 1147.


Package xcolor Warning: Incompatible color definition on input line 1147.


Package xcolor Warning: Incompatible color definition on input line 1148.


Package xcolor Warning: Incompatible color definition on input line 1148.


Package xcolor Warning: Incompatible color definition on input line 1149.

[37

] [38]
File: ./grafy/rysy/chybi_infszu.eps Graphic file (type eps)
 <./grafy/rysy/chybi_infszu.eps>
Overfull \hbox (14.36966pt too wide) in paragraph at lines 1183--1184
 [][] 
 []

File: ./grafy/rysy/chybi_podmet.eps Graphic file (type eps)
<./grafy/rysy/chybi_podmet.eps>
Overfull \hbox (14.36966pt too wide) in paragraph at lines 1187--1188
 [][] 
 []

File: ./grafy/rysy/chybi_vfin.eps Graphic file (type eps)
<./grafy/rysy/chybi_vfin.eps>
Overfull \hbox (14.36966pt too wide) in paragraph at lines 1191--1192
 [][] 
 []

File: ./grafy/rysy/chybi_sum.eps Graphic file (type eps)
<./grafy/rysy/chybi_sum.eps>
Overfull \hbox (14.36966pt too wide) in paragraph at lines 1198--1199
 [][] 
 []

[39]
File: ./grafy/rysy/inf_po_vm_neni_na_konci.eps Graphic file (type eps)
 <./grafy/rysy/inf_po_vm_neni_na_konci.eps>
Overfull \hbox (14.36966pt too wide) in paragraph at lines 1211--1212
 [][] 
 []

File: ./grafy/rysy/infszu_neni_na_konci.eps Graphic file (type eps)
<./grafy/rysy/infszu_neni_na_konci.eps>
Overfull \hbox (14.36966pt too wide) in paragraph at lines 1215--1216
 [][] 
 []

File: ./grafy/rysy/vv_sloveso_neni_na_konci.eps Graphic file (type eps)
<./grafy/rysy/vv_sloveso_neni_na_konci.eps>
Overfull \hbox (14.36966pt too wide) in paragraph at lines 1219--1220
 [][] 
 []

File: ./grafy/rysy/pp_neni_na_konci.eps Graphic file (type eps)
<./grafy/rysy/pp_neni_na_konci.eps>
Overfull \hbox (14.36966pt too wide) in paragraph at lines 1228--1229
 [][] 
 []

File: ./grafy/rysy/neni_na_konci_sum.eps Graphic file (type eps)
<./grafy/rysy/neni_na_konci_sum.eps>
Overfull \hbox (14.36966pt too wide) in paragraph at lines 1232--1233
 [][] 
 []

File: ./grafy/rysy/pp_bez_av.eps Graphic file (type eps)
<./grafy/rysy/pp_bez_av.eps>
Overfull \hbox (14.36966pt too wide) in paragraph at lines 1246--1247
 [][] 
 []

File: ./grafy/rysy/neshoda_podmet_prisudek.eps Graphic file (type eps)
<./grafy/rysy/neshoda_podmet_prisudek.eps>
Overfull \hbox (14.36966pt too wide) in paragraph at lines 1250--1251
 [][] 
 []

File: ./grafy/rysy/vice_osob.eps Graphic file (type eps)
<./grafy/rysy/vice_osob.eps>
Overfull \hbox (14.36966pt too wide) in paragraph at lines 1263--1264
 [][] 
 []

File: ./grafy/rysy/vice_vfin.eps Graphic file (type eps)
<./grafy/rysy/vice_vfin.eps>
Overfull \hbox (14.36966pt too wide) in paragraph at lines 1267--1268
 [][] 
 []

File: ./grafy/rysy/vice_sum.eps Graphic file (type eps)
<./grafy/rysy/vice_sum.eps>
Overfull \hbox (14.36966pt too wide) in paragraph at lines 1271--1272
 [][] 
 []

[40]
File: ./grafy/rysy/root.eps Graphic file (type eps)
 <./grafy/rysy/root.eps>
Overfull \hbox (14.36966pt too wide) in paragraph at lines 1282--1283
 [][] 
 []

File: ./grafy/rysy/sum.eps Graphic file (type eps)
<./grafy/rysy/sum.eps>
Overfull \hbox (14.36966pt too wide) in paragraph at lines 1286--1287
 [][] 
 []

[41]

Package xcolor Warning: Incompatible color definition on input line 1304.


Package xcolor Warning: Incompatible color definition on input line 1306.


Package xcolor Warning: Incompatible color definition on input line 1308.


Package xcolor Warning: Incompatible color definition on input line 1310.


Package xcolor Warning: Incompatible color definition on input line 1312.


Package xcolor Warning: Incompatible color definition on input line 1314.


Package xcolor Warning: Incompatible color definition on input line 1316.


Package xcolor Warning: Incompatible color definition on input line 1318.

[42]

Package xcolor Warning: Incompatible color definition on input line 1348.


Package xcolor Warning: Incompatible color definition on input line 1352.

[43]

Package xcolor Warning: Incompatible color definition on input line 1370.


Package xcolor Warning: Incompatible color definition on input line 1371.


Package xcolor Warning: Incompatible color definition on input line 1371.


Package xcolor Warning: Incompatible color definition on input line 1371.


Package xcolor Warning: Incompatible color definition on input line 1372.


Package xcolor Warning: Incompatible color definition on input line 1372.


Package xcolor Warning: Incompatible color definition on input line 1373.


Package xcolor Warning: Incompatible color definition on input line 1373.


Package xcolor Warning: Incompatible color definition on input line 1373.


Package xcolor Warning: Incompatible color definition on input line 1374.


Package xcolor Warning: Incompatible color definition on input line 1374.


Package xcolor Warning: Incompatible color definition on input line 1375.


Package xcolor Warning: Incompatible color definition on input line 1375.


Package xcolor Warning: Incompatible color definition on input line 1375.


Package xcolor Warning: Incompatible color definition on input line 1376.


Package xcolor Warning: Incompatible color definition on input line 1376.


Package xcolor Warning: Incompatible color definition on input line 1377.


Package xcolor Warning: Incompatible color definition on input line 1377.


Package xcolor Warning: Incompatible color definition on input line 1377.


Package xcolor Warning: Incompatible color definition on input line 1378.


Package xcolor Warning: Incompatible color definition on input line 1378.


Package xcolor Warning: Incompatible color definition on input line 1378.


Package xcolor Warning: Incompatible color definition on input line 1378.


Package xcolor Warning: Incompatible color definition on input line 1379.


Package xcolor Warning: Incompatible color definition on input line 1379.


Package xcolor Warning: Incompatible color definition on input line 1379.


Package xcolor Warning: Incompatible color definition on input line 1379.


Package xcolor Warning: Incompatible color definition on input line 1380.


Package xcolor Warning: Incompatible color definition on input line 1380.


Package xcolor Warning: Incompatible color definition on input line 1380.


Package xcolor Warning: Incompatible color definition on input line 1380.


Package xcolor Warning: Incompatible color definition on input line 1381.


Package xcolor Warning: Incompatible color definition on input line 1381.


Package xcolor Warning: Incompatible color definition on input line 1381.


Package xcolor Warning: Incompatible color definition on input line 1381.


Package xcolor Warning: Incompatible color definition on input line 1382.


Package xcolor Warning: Incompatible color definition on input line 1382.


Package xcolor Warning: Incompatible color definition on input line 1394.


Package xcolor Warning: Incompatible color definition on input line 1395.


Package xcolor Warning: Incompatible color definition on input line 1395.


Package xcolor Warning: Incompatible color definition on input line 1395.


Package xcolor Warning: Incompatible color definition on input line 1396.


Package xcolor Warning: Incompatible color definition on input line 1396.


Package xcolor Warning: Incompatible color definition on input line 1397.


Package xcolor Warning: Incompatible color definition on input line 1397.


Package xcolor Warning: Incompatible color definition on input line 1397.


Package xcolor Warning: Incompatible color definition on input line 1398.


Package xcolor Warning: Incompatible color definition on input line 1398.


Package xcolor Warning: Incompatible color definition on input line 1399.


Package xcolor Warning: Incompatible color definition on input line 1399.


Package xcolor Warning: Incompatible color definition on input line 1399.


Package xcolor Warning: Incompatible color definition on input line 1400.


Package xcolor Warning: Incompatible color definition on input line 1400.


Package xcolor Warning: Incompatible color definition on input line 1401.


Package xcolor Warning: Incompatible color definition on input line 1401.


Package xcolor Warning: Incompatible color definition on input line 1401.


Package xcolor Warning: Incompatible color definition on input line 1402.


Package xcolor Warning: Incompatible color definition on input line 1402.


Package xcolor Warning: Incompatible color definition on input line 1402.


Package xcolor Warning: Incompatible color definition on input line 1402.


Package xcolor Warning: Incompatible color definition on input line 1403.


Package xcolor Warning: Incompatible color definition on input line 1403.


Package xcolor Warning: Incompatible color definition on input line 1403.


Package xcolor Warning: Incompatible color definition on input line 1403.


Package xcolor Warning: Incompatible color definition on input line 1404.


Package xcolor Warning: Incompatible color definition on input line 1404.


Package xcolor Warning: Incompatible color definition on input line 1404.


Package xcolor Warning: Incompatible color definition on input line 1404.


Package xcolor Warning: Incompatible color definition on input line 1405.


Package xcolor Warning: Incompatible color definition on input line 1405.


Package xcolor Warning: Incompatible color definition on input line 1405.


Package xcolor Warning: Incompatible color definition on input line 1405.


Package xcolor Warning: Incompatible color definition on input line 1406.


Package xcolor Warning: Incompatible color definition on input line 1406.

[44]

Package xcolor Warning: Incompatible color definition on input line 1415.


Package xcolor Warning: Incompatible color definition on input line 1416.


Package xcolor Warning: Incompatible color definition on input line 1416.


Package xcolor Warning: Incompatible color definition on input line 1416.


Package xcolor Warning: Incompatible color definition on input line 1417.


Package xcolor Warning: Incompatible color definition on input line 1417.


Package xcolor Warning: Incompatible color definition on input line 1418.


Package xcolor Warning: Incompatible color definition on input line 1418.


Package xcolor Warning: Incompatible color definition on input line 1418.


Package xcolor Warning: Incompatible color definition on input line 1419.


Package xcolor Warning: Incompatible color definition on input line 1419.


Package xcolor Warning: Incompatible color definition on input line 1420.


Package xcolor Warning: Incompatible color definition on input line 1420.


Package xcolor Warning: Incompatible color definition on input line 1420.


Package xcolor Warning: Incompatible color definition on input line 1421.


Package xcolor Warning: Incompatible color definition on input line 1421.


Package xcolor Warning: Incompatible color definition on input line 1422.


Package xcolor Warning: Incompatible color definition on input line 1422.


Package xcolor Warning: Incompatible color definition on input line 1422.


Package xcolor Warning: Incompatible color definition on input line 1423.


Package xcolor Warning: Incompatible color definition on input line 1423.


Package xcolor Warning: Incompatible color definition on input line 1423.


Package xcolor Warning: Incompatible color definition on input line 1423.


Package xcolor Warning: Incompatible color definition on input line 1424.


Package xcolor Warning: Incompatible color definition on input line 1424.


Package xcolor Warning: Incompatible color definition on input line 1424.


Package xcolor Warning: Incompatible color definition on input line 1424.


Package xcolor Warning: Incompatible color definition on input line 1425.


Package xcolor Warning: Incompatible color definition on input line 1425.


Package xcolor Warning: Incompatible color definition on input line 1425.


Package xcolor Warning: Incompatible color definition on input line 1425.


Package xcolor Warning: Incompatible color definition on input line 1426.


Package xcolor Warning: Incompatible color definition on input line 1426.


Package xcolor Warning: Incompatible color definition on input line 1426.


Package xcolor Warning: Incompatible color definition on input line 1426.


Package xcolor Warning: Incompatible color definition on input line 1427.


Package xcolor Warning: Incompatible color definition on input line 1427.


Package xcolor Warning: Incompatible color definition on input line 1437.


Package xcolor Warning: Incompatible color definition on input line 1438.


Package xcolor Warning: Incompatible color definition on input line 1438.


Package xcolor Warning: Incompatible color definition on input line 1438.


Package xcolor Warning: Incompatible color definition on input line 1439.


Package xcolor Warning: Incompatible color definition on input line 1439.


Package xcolor Warning: Incompatible color definition on input line 1440.


Package xcolor Warning: Incompatible color definition on input line 1440.


Package xcolor Warning: Incompatible color definition on input line 1440.


Package xcolor Warning: Incompatible color definition on input line 1441.


Package xcolor Warning: Incompatible color definition on input line 1441.


Package xcolor Warning: Incompatible color definition on input line 1442.


Package xcolor Warning: Incompatible color definition on input line 1442.


Package xcolor Warning: Incompatible color definition on input line 1442.


Package xcolor Warning: Incompatible color definition on input line 1443.


Package xcolor Warning: Incompatible color definition on input line 1443.


Package xcolor Warning: Incompatible color definition on input line 1444.


Package xcolor Warning: Incompatible color definition on input line 1444.


Package xcolor Warning: Incompatible color definition on input line 1444.


Package xcolor Warning: Incompatible color definition on input line 1445.


Package xcolor Warning: Incompatible color definition on input line 1445.


Package xcolor Warning: Incompatible color definition on input line 1445.


Package xcolor Warning: Incompatible color definition on input line 1445.


Package xcolor Warning: Incompatible color definition on input line 1446.


Package xcolor Warning: Incompatible color definition on input line 1446.


Package xcolor Warning: Incompatible color definition on input line 1446.


Package xcolor Warning: Incompatible color definition on input line 1446.


Package xcolor Warning: Incompatible color definition on input line 1447.


Package xcolor Warning: Incompatible color definition on input line 1447.


Package xcolor Warning: Incompatible color definition on input line 1447.


Package xcolor Warning: Incompatible color definition on input line 1447.


Package xcolor Warning: Incompatible color definition on input line 1448.


Package xcolor Warning: Incompatible color definition on input line 1448.


Package xcolor Warning: Incompatible color definition on input line 1448.


Package xcolor Warning: Incompatible color definition on input line 1448.


Package xcolor Warning: Incompatible color definition on input line 1449.


Package xcolor Warning: Incompatible color definition on input line 1449.


Package xcolor Warning: Incompatible color definition on input line 1458.


Package xcolor Warning: Incompatible color definition on input line 1459.


Package xcolor Warning: Incompatible color definition on input line 1459.


Package xcolor Warning: Incompatible color definition on input line 1459.


Package xcolor Warning: Incompatible color definition on input line 1460.


Package xcolor Warning: Incompatible color definition on input line 1460.


Package xcolor Warning: Incompatible color definition on input line 1461.


Package xcolor Warning: Incompatible color definition on input line 1461.


Package xcolor Warning: Incompatible color definition on input line 1461.


Package xcolor Warning: Incompatible color definition on input line 1462.


Package xcolor Warning: Incompatible color definition on input line 1462.


Package xcolor Warning: Incompatible color definition on input line 1463.


Package xcolor Warning: Incompatible color definition on input line 1463.


Package xcolor Warning: Incompatible color definition on input line 1463.


Package xcolor Warning: Incompatible color definition on input line 1464.


Package xcolor Warning: Incompatible color definition on input line 1464.


Package xcolor Warning: Incompatible color definition on input line 1465.


Package xcolor Warning: Incompatible color definition on input line 1465.


Package xcolor Warning: Incompatible color definition on input line 1465.


Package xcolor Warning: Incompatible color definition on input line 1466.


Package xcolor Warning: Incompatible color definition on input line 1466.


Package xcolor Warning: Incompatible color definition on input line 1466.


Package xcolor Warning: Incompatible color definition on input line 1466.


Package xcolor Warning: Incompatible color definition on input line 1467.


Package xcolor Warning: Incompatible color definition on input line 1467.


Package xcolor Warning: Incompatible color definition on input line 1467.


Package xcolor Warning: Incompatible color definition on input line 1467.


Package xcolor Warning: Incompatible color definition on input line 1468.


Package xcolor Warning: Incompatible color definition on input line 1468.


Package xcolor Warning: Incompatible color definition on input line 1468.


Package xcolor Warning: Incompatible color definition on input line 1468.


Package xcolor Warning: Incompatible color definition on input line 1469.


Package xcolor Warning: Incompatible color definition on input line 1469.


Package xcolor Warning: Incompatible color definition on input line 1469.


Package xcolor Warning: Incompatible color definition on input line 1469.


Package xcolor Warning: Incompatible color definition on input line 1470.


Package xcolor Warning: Incompatible color definition on input line 1470.

[45]

Package xcolor Warning: Incompatible color definition on input line 1479.


Package xcolor Warning: Incompatible color definition on input line 1480.


Package xcolor Warning: Incompatible color definition on input line 1480.


Package xcolor Warning: Incompatible color definition on input line 1480.


Package xcolor Warning: Incompatible color definition on input line 1481.


Package xcolor Warning: Incompatible color definition on input line 1481.


Package xcolor Warning: Incompatible color definition on input line 1482.


Package xcolor Warning: Incompatible color definition on input line 1482.


Package xcolor Warning: Incompatible color definition on input line 1482.


Package xcolor Warning: Incompatible color definition on input line 1483.


Package xcolor Warning: Incompatible color definition on input line 1483.


Package xcolor Warning: Incompatible color definition on input line 1484.


Package xcolor Warning: Incompatible color definition on input line 1484.


Package xcolor Warning: Incompatible color definition on input line 1484.


Package xcolor Warning: Incompatible color definition on input line 1485.


Package xcolor Warning: Incompatible color definition on input line 1485.


Package xcolor Warning: Incompatible color definition on input line 1486.


Package xcolor Warning: Incompatible color definition on input line 1486.


Package xcolor Warning: Incompatible color definition on input line 1486.


Package xcolor Warning: Incompatible color definition on input line 1487.


Package xcolor Warning: Incompatible color definition on input line 1487.


Package xcolor Warning: Incompatible color definition on input line 1487.


Package xcolor Warning: Incompatible color definition on input line 1487.


Package xcolor Warning: Incompatible color definition on input line 1488.


Package xcolor Warning: Incompatible color definition on input line 1488.


Package xcolor Warning: Incompatible color definition on input line 1488.


Package xcolor Warning: Incompatible color definition on input line 1488.


Package xcolor Warning: Incompatible color definition on input line 1489.


Package xcolor Warning: Incompatible color definition on input line 1489.


Package xcolor Warning: Incompatible color definition on input line 1489.


Package xcolor Warning: Incompatible color definition on input line 1489.


Package xcolor Warning: Incompatible color definition on input line 1490.


Package xcolor Warning: Incompatible color definition on input line 1490.


Package xcolor Warning: Incompatible color definition on input line 1490.


Package xcolor Warning: Incompatible color definition on input line 1490.


Package xcolor Warning: Incompatible color definition on input line 1491.


Package xcolor Warning: Incompatible color definition on input line 1491.


Package xcolor Warning: Incompatible color definition on input line 1500.


Package xcolor Warning: Incompatible color definition on input line 1501.


Package xcolor Warning: Incompatible color definition on input line 1501.


Package xcolor Warning: Incompatible color definition on input line 1501.


Package xcolor Warning: Incompatible color definition on input line 1502.


Package xcolor Warning: Incompatible color definition on input line 1502.


Package xcolor Warning: Incompatible color definition on input line 1503.


Package xcolor Warning: Incompatible color definition on input line 1503.


Package xcolor Warning: Incompatible color definition on input line 1503.


Package xcolor Warning: Incompatible color definition on input line 1504.


Package xcolor Warning: Incompatible color definition on input line 1504.


Package xcolor Warning: Incompatible color definition on input line 1505.


Package xcolor Warning: Incompatible color definition on input line 1505.


Package xcolor Warning: Incompatible color definition on input line 1505.


Package xcolor Warning: Incompatible color definition on input line 1506.


Package xcolor Warning: Incompatible color definition on input line 1506.


Package xcolor Warning: Incompatible color definition on input line 1507.


Package xcolor Warning: Incompatible color definition on input line 1507.


Package xcolor Warning: Incompatible color definition on input line 1507.


Package xcolor Warning: Incompatible color definition on input line 1508.


Package xcolor Warning: Incompatible color definition on input line 1508.


Package xcolor Warning: Incompatible color definition on input line 1508.


Package xcolor Warning: Incompatible color definition on input line 1508.


Package xcolor Warning: Incompatible color definition on input line 1509.


Package xcolor Warning: Incompatible color definition on input line 1509.


Package xcolor Warning: Incompatible color definition on input line 1509.


Package xcolor Warning: Incompatible color definition on input line 1509.


Package xcolor Warning: Incompatible color definition on input line 1510.


Package xcolor Warning: Incompatible color definition on input line 1510.


Package xcolor Warning: Incompatible color definition on input line 1510.


Package xcolor Warning: Incompatible color definition on input line 1510.


Package xcolor Warning: Incompatible color definition on input line 1511.


Package xcolor Warning: Incompatible color definition on input line 1511.


Package xcolor Warning: Incompatible color definition on input line 1511.


Package xcolor Warning: Incompatible color definition on input line 1511.


Package xcolor Warning: Incompatible color definition on input line 1512.


Package xcolor Warning: Incompatible color definition on input line 1512.

[46]

Package xcolor Warning: Incompatible color definition on input line 1521.


Package xcolor Warning: Incompatible color definition on input line 1522.


Package xcolor Warning: Incompatible color definition on input line 1522.


Package xcolor Warning: Incompatible color definition on input line 1522.


Package xcolor Warning: Incompatible color definition on input line 1523.


Package xcolor Warning: Incompatible color definition on input line 1523.


Package xcolor Warning: Incompatible color definition on input line 1524.


Package xcolor Warning: Incompatible color definition on input line 1524.


Package xcolor Warning: Incompatible color definition on input line 1524.


Package xcolor Warning: Incompatible color definition on input line 1525.


Package xcolor Warning: Incompatible color definition on input line 1525.


Package xcolor Warning: Incompatible color definition on input line 1526.


Package xcolor Warning: Incompatible color definition on input line 1526.


Package xcolor Warning: Incompatible color definition on input line 1526.


Package xcolor Warning: Incompatible color definition on input line 1527.


Package xcolor Warning: Incompatible color definition on input line 1527.


Package xcolor Warning: Incompatible color definition on input line 1528.


Package xcolor Warning: Incompatible color definition on input line 1528.


Package xcolor Warning: Incompatible color definition on input line 1528.


Package xcolor Warning: Incompatible color definition on input line 1529.


Package xcolor Warning: Incompatible color definition on input line 1529.


Package xcolor Warning: Incompatible color definition on input line 1529.


Package xcolor Warning: Incompatible color definition on input line 1529.


Package xcolor Warning: Incompatible color definition on input line 1530.


Package xcolor Warning: Incompatible color definition on input line 1530.


Package xcolor Warning: Incompatible color definition on input line 1530.


Package xcolor Warning: Incompatible color definition on input line 1530.


Package xcolor Warning: Incompatible color definition on input line 1531.


Package xcolor Warning: Incompatible color definition on input line 1531.


Package xcolor Warning: Incompatible color definition on input line 1531.


Package xcolor Warning: Incompatible color definition on input line 1531.


Package xcolor Warning: Incompatible color definition on input line 1532.


Package xcolor Warning: Incompatible color definition on input line 1532.


Package xcolor Warning: Incompatible color definition on input line 1532.


Package xcolor Warning: Incompatible color definition on input line 1532.


Package xcolor Warning: Incompatible color definition on input line 1533.


Package xcolor Warning: Incompatible color definition on input line 1533.


Package xcolor Warning: Incompatible color definition on input line 1543.


Package xcolor Warning: Incompatible color definition on input line 1544.


Package xcolor Warning: Incompatible color definition on input line 1544.


Package xcolor Warning: Incompatible color definition on input line 1544.


Package xcolor Warning: Incompatible color definition on input line 1544.


Package xcolor Warning: Incompatible color definition on input line 1544.


Package xcolor Warning: Incompatible color definition on input line 1545.


Package xcolor Warning: Incompatible color definition on input line 1545.


Package xcolor Warning: Incompatible color definition on input line 1545.


Package xcolor Warning: Incompatible color definition on input line 1545.


Package xcolor Warning: Incompatible color definition on input line 1545.


Package xcolor Warning: Incompatible color definition on input line 1546.


Package xcolor Warning: Incompatible color definition on input line 1546.


Package xcolor Warning: Incompatible color definition on input line 1547.


Package xcolor Warning: Incompatible color definition on input line 1547.


Package xcolor Warning: Incompatible color definition on input line 1547.


Package xcolor Warning: Incompatible color definition on input line 1547.


Package xcolor Warning: Incompatible color definition on input line 1547.


Package xcolor Warning: Incompatible color definition on input line 1548.


Package xcolor Warning: Incompatible color definition on input line 1548.


Package xcolor Warning: Incompatible color definition on input line 1549.


Package xcolor Warning: Incompatible color definition on input line 1549.


Package xcolor Warning: Incompatible color definition on input line 1549.


Package xcolor Warning: Incompatible color definition on input line 1549.


Package xcolor Warning: Incompatible color definition on input line 1549.


Package xcolor Warning: Incompatible color definition on input line 1550.


Package xcolor Warning: Incompatible color definition on input line 1550.


Package xcolor Warning: Incompatible color definition on input line 1551.


Package xcolor Warning: Incompatible color definition on input line 1551.


Package xcolor Warning: Incompatible color definition on input line 1551.


Package xcolor Warning: Incompatible color definition on input line 1551.


Package xcolor Warning: Incompatible color definition on input line 1551.


Package xcolor Warning: Incompatible color definition on input line 1552.


Package xcolor Warning: Incompatible color definition on input line 1552.


Package xcolor Warning: Incompatible color definition on input line 1553.


Package xcolor Warning: Incompatible color definition on input line 1553.


Package xcolor Warning: Incompatible color definition on input line 1553.


Package xcolor Warning: Incompatible color definition on input line 1553.


Package xcolor Warning: Incompatible color definition on input line 1553.


Package xcolor Warning: Incompatible color definition on input line 1554.


Package xcolor Warning: Incompatible color definition on input line 1554.


Package xcolor Warning: Incompatible color definition on input line 1555.


Package xcolor Warning: Incompatible color definition on input line 1555.


Package xcolor Warning: Incompatible color definition on input line 1555.


Package xcolor Warning: Incompatible color definition on input line 1555.


Package xcolor Warning: Incompatible color definition on input line 1555.


Package xcolor Warning: Incompatible color definition on input line 1556.


Package xcolor Warning: Incompatible color definition on input line 1556.


Package xcolor Warning: Incompatible color definition on input line 1557.


Package xcolor Warning: Incompatible color definition on input line 1557.


Package xcolor Warning: Incompatible color definition on input line 1557.


Package xcolor Warning: Incompatible color definition on input line 1557.


Package xcolor Warning: Incompatible color definition on input line 1557.


Package xcolor Warning: Incompatible color definition on input line 1558.


Package xcolor Warning: Incompatible color definition on input line 1558.


Package xcolor Warning: Incompatible color definition on input line 1559.


Package xcolor Warning: Incompatible color definition on input line 1559.


Package xcolor Warning: Incompatible color definition on input line 1559.


Package xcolor Warning: Incompatible color definition on input line 1559.


Package xcolor Warning: Incompatible color definition on input line 1559.


Package xcolor Warning: Incompatible color definition on input line 1560.


Package xcolor Warning: Incompatible color definition on input line 1560.


Package xcolor Warning: Incompatible color definition on input line 1561.


Package xcolor Warning: Incompatible color definition on input line 1561.


Package xcolor Warning: Incompatible color definition on input line 1561.


Package xcolor Warning: Incompatible color definition on input line 1561.


Package xcolor Warning: Incompatible color definition on input line 1561.


Package xcolor Warning: Incompatible color definition on input line 1562.


Package xcolor Warning: Incompatible color definition on input line 1562.

[47] [48]
\openout2 = `zaver.aux'.


No file zaver.tex.
\openout2 = `literatura.aux'.

(./literatura.tex

LaTeX Warning: Empty `thebibliography' environment on input line 16.

) [49




] [50


] [51

] [52

] (./prace.aux (./zaver.aux) (./literatura.aux))

LaTeX Warning: Label(s) may have changed. Rerun to get cross-references right.

 ) 
Here is how much of TeX's memory you used:
 8090 strings out of 494938
 112818 string characters out of 1181144
 202182 words of memory out of 3000000
 11216 multiletter control sequences out of 15000+50000
 23663 words of font info for 60 fonts, out of 3000000 for 9000
 24 hyphenation exceptions out of 8191
 38i,17n,38p,1202b,411s stack positions out of 5000i,500n,10000p,200000b,50000s

Output written on prace.dvi (52 pages, 256816 bytes).
